<?xml version="1.0" encoding="UTF-8"?>
<!-- Generated by org.testng.reporters.JUnitReportReporter -->
<testsuite hostname="LAPTOP-CIB1RGQG" failures="0" tests="1" name="test.NewTest" time="10.573" errors="0" timestamp="06 Oct 2019 19:35:28 GMT" skipped="0">
  <testcase classname="test.NewTest" name="f" time="10.573"/>
</testsuite> <!-- test.NewTest -->
