<?xml version="1.0" encoding="UTF-8"?>
<!-- Generated by org.testng.reporters.JUnitReportReporter -->
<testsuite hostname="LAPTOP-CIB1RGQG" failures="0" tests="2" name="test.TestNg_Grouping" time="0.013" errors="0" timestamp="06 Oct 2019 21:24:06 GMT" skipped="0">
  <testcase classname="test.TestNg_Grouping" name="BMW328i" time="0.002"/>
  <testcase classname="test.TestNg_Grouping" name="AudiA6" time="0.011"/>
</testsuite> <!-- test.TestNg_Grouping -->
